Flutter crash report.
Please report a bug at https://github.com/flutter/flutter/issues.

## command

flutter run -d chrome

## exception

RPCError: ext.flutter.debugDumpRenderTree: (-32603) ext.flutter.debugDumpRenderTree: Unexpected error from chrome devtools:
text: Uncaught (in promise)
exception:
  description: null
  type: string
  value: Unexpected null value.
attempted JS eval: `require("dart_sdk").developer.invokeExtension(
    "ext.flutter.debugDumpRenderTree", JSON.stringify({}));
`

#0      handleErrorIfPresent (package:dwds/src/utilities/shared.dart:97:5)
#1      ChromeProxyService.callServiceExtension (package:dwds/src/services/chrome_proxy_service.dart:352:5)
<asynchronous suspension>
#2      StackZoneSpecification._registerUnaryCallback.<anonymous closure> (package:stack_trace/src/stack_zone_specification.dart)
<asynchronous suspension>


```
#0      new _OutstandingRequest (package:vm_service/src/vm_service.dart:1637:45)
#1      VmService._call (package:vm_service/src/vm_service.dart:2122:21)
#2      VmService.callServiceExtension (package:vm_service/src/vm_service.dart:2093:14)
#3      FlutterVmService._checkedCallServiceExtension (package:flutter_tools/src/vmservice.dart:776:28)
#4      FlutterVmService.invokeFlutterExtensionRpcRaw (package:flutter_tools/src/vmservice.dart:795:49)
#5      FlutterVmService.flutterDebugDumpRenderTree (package:flutter_tools/src/vmservice.dart:554:50)
#6      ResidentHandlers.debugDumpRenderTree (package:flutter_tools/src/resident_runner.dart:664:52)
<asynchronous suspension>
#7      TerminalHandler.processTerminalInput (package:flutter_tools/src/resident_runner.dart:1680:7)
<asynchronous suspension>
```

## flutter doctor

```
[✓] Flutter (Channel stable, 2.8.1, on Microsoft Windows [Version 10.0.19042.1466], locale en-US)
    • Flutter version 2.8.1 at C:\Users\Dan\Development\SDKs\flutter
    • Upstream repository https://github.com/flutter/flutter.git
    • Framework revision 77d935af4d (6 weeks ago), 2021-12-16 08:37:33 -0800
    • Engine revision 890a5fca2e
    • Dart version 2.15.1

[✓] Android toolchain - develop for Android devices (Android SDK version 31.0.0)
    • Android SDK at C:\Users\Dan\AppData\Local\Android\sdk
    • Platform android-31, build-tools 31.0.0
    • Java binary at: C:\Program Files\Android\Android Studio\jre\bin\java
    • Java version OpenJDK Runtime Environment (build 11.0.10+0-b96-7249189)
    • All Android licenses accepted.

[✓] Chrome - develop for the web
    • Chrome at C:\Program Files\Google\Chrome\Application\chrome.exe

[✓] Android Studio (version 2020.3)
    • Android Studio at C:\Program Files\Android\Android Studio
    • Flutter plugin can be installed from:
      🔨 https://plugins.jetbrains.com/plugin/9212-flutter
    • Dart plugin can be installed from:
      🔨 https://plugins.jetbrains.com/plugin/6351-dart
    • Java version OpenJDK Runtime Environment (build 11.0.10+0-b96-7249189)

[✓] VS Code (version 1.63.2)
    • VS Code at C:\Users\Dan\AppData\Local\Programs\Microsoft VS Code
    • Flutter extension version 3.32.0

[✓] Connected device (3 available)
    • SM G985F (mobile) • R58N30RZZGL • android-arm64  • Android 12 (API 31)
    • Chrome (web)      • chrome      • web-javascript • Google Chrome 97.0.4692.99
    • Edge (web)        • edge        • web-javascript • Microsoft Edge 97.0.1072.69

• No issues found!
```
